# JRE version: OpenJDK Runtime Environment (8.0_152-b01) (build 1.8.0_152-release-1248-b01)
# Java VM: OpenJDK 64-Bit Server VM (25.152-b01 mixed mode windows-amd64 compressed oops)
Heap:
 PSYoungGen      total 495104K, used 447497K [0x00000000e0000000, 0x00000000ffd80000, 0x0000000100000000)
  eden space 469504K, 92% used [0x00000000e0000000,0x00000000fa902d78,0x00000000fca80000)
  from space 25600K, 47% used [0x00000000fca80000,0x00000000fd67f828,0x00000000fe380000)
  to   space 24576K, 0% used [0x00000000fe580000,0x00000000fe580000,0x00000000ffd80000)
 ParOldGen       total 216064K, used 146195K [0x00000000a0000000, 0x00000000ad300000, 0x00000000e0000000)
  object space 216064K, 67% used [0x00000000a0000000,0x00000000a8ec4c60,0x00000000ad300000)
 Metaspace       used 117271K, capacity 122384K, committed 122752K, reserved 1157120K
  class space    used 14809K, capacity 15883K, committed 16000K, reserved 1048576K
GC Heap History (10 events):
Event: 533.369 GC heap before
{Heap before GC invocations=46 (full 5):
 PSYoungGen      total 492032K, used 480068K [0x00000000e0000000, 0x00000000ffd00000, 0x0000000100000000)
  eden space 465920K, 100% used [0x00000000e0000000,0x00000000fc700000,0x00000000fc700000)
  from space 26112K, 54% used [0x00000000fe380000,0x00000000ff151198,0x00000000ffd00000)
  to   space 27648K, 0% used [0x00000000fc700000,0x00000000fc700000,0x00000000fe200000)
 ParOldGen       total 216064K, used 129343K [0x00000000a0000000, 0x00000000ad300000, 0x00000000e0000000)
  object space 216064K, 59% used [0x00000000a0000000,0x00000000a7e4fd28,0x00000000ad300000)
 Metaspace       used 117123K, capacity 122252K, committed 122496K, reserved 1155072K
  class space    used 14808K, capacity 15883K, committed 16000K, reserved 1048576K
Event: 533.434 GC heap after
Heap after GC invocations=46 (full 5):
 PSYoungGen      total 493568K, used 5270K [0x00000000e0000000, 0x0000000100000000, 0x0000000100000000)
  eden space 465920K, 0% used [0x00000000e0000000,0x00000000e0000000,0x00000000fc700000)
  from space 27648K, 19% used [0x00000000fc700000,0x00000000fcc25978,0x00000000fe200000)
  to   space 27648K, 0% used [0x00000000fe500000,0x00000000fe500000,0x0000000100000000)
 ParOldGen       total 216064K, used 136302K [0x00000000a0000000, 0x00000000ad300000, 0x00000000e0000000)
  object space 216064K, 63% used [0x00000000a0000000,0x00000000a851b878,0x00000000ad300000)
 Metaspace       used 117123K, capacity 122252K, committed 122496K, reserved 1155072K
  class space    used 14808K, capacity 15883K, committed 16000K, reserved 1048576K
}
Event: 535.608 GC heap before
{Heap before GC invocations=47 (full 5):
 PSYoungGen      total 493568K, used 471190K [0x00000000e0000000, 0x0000000100000000, 0x0000000100000000)
  eden space 465920K, 100% used [0x00000000e0000000,0x00000000fc700000,0x00000000fc700000)
  from space 27648K, 19% used [0x00000000fc700000,0x00000000fcc25978,0x00000000fe200000)
  to   space 27648K, 0% used [0x00000000fe500000,0x00000000fe500000,0x0000000100000000)
 ParOldGen       total 216064K, used 136302K [0x00000000a0000000, 0x00000000ad300000, 0x00000000e0000000)
  object space 216064K, 63% used [0x00000000a0000000,0x00000000a851b878,0x00000000ad300000)
 Metaspace       used 117135K, capacity 122316K, committed 122496K, reserved 1155072K
  class space    used 14808K, capacity 15883K, committed 16000K, reserved 1048576K
Event: 535.628 GC heap after
Heap after GC invocations=47 (full 5):
 PSYoungGen      total 496640K, used 6642K [0x00000000e0000000, 0x0000000100000000, 0x0000000100000000)
  eden space 468992K, 0% used [0x00000000e0000000,0x00000000e0000000,0x00000000fca00000)
  from space 27648K, 24% used [0x00000000fe500000,0x00000000feb7ca50,0x0000000100000000)
  to   space 27648K, 0% used [0x00000000fca00000,0x00000000fca00000,0x00000000fe500000)
 ParOldGen       total 216064K, used 140081K [0x00000000a0000000, 0x00000000ad300000, 0x00000000e0000000)
  object space 216064K, 64% used [0x00000000a0000000,0x00000000a88cc408,0x00000000ad300000)
 Metaspace       used 117135K, capacity 122316K, committed 122496K, reserved 1155072K
  class space    used 14808K, capacity 15883K, committed 16000K, reserved 1048576K
}
Event: 538.413 GC heap before
{Heap before GC invocations=48 (full 5):
 PSYoungGen      total 496640K, used 475634K [0x00000000e0000000, 0x0000000100000000, 0x0000000100000000)
  eden space 468992K, 100% used [0x00000000e0000000,0x00000000fca00000,0x00000000fca00000)
  from space 27648K, 24% used [0x00000000fe500000,0x00000000feb7ca50,0x0000000100000000)
  to   space 27648K, 0% used [0x00000000fca00000,0x00000000fca00000,0x00000000fe500000)
 ParOldGen       total 216064K, used 140081K [0x00000000a0000000, 0x00000000ad300000, 0x00000000e0000000)
  object space 216064K, 64% used [0x00000000a0000000,0x00000000a88cc408,0x00000000ad300000)
 Metaspace       used 117166K, capacity 122320K, committed 122496K, reserved 1155072K
  class space    used 14809K, capacity 15883K, committed 16000K, reserved 1048576K
Event: 538.442 GC heap after
Heap after GC invocations=48 (full 5):
 PSYoungGen      total 482304K, used 12878K [0x00000000e0000000, 0x00000000ffd00000, 0x0000000100000000)
  eden space 468992K, 0% used [0x00000000e0000000,0x00000000e0000000,0x00000000fca00000)
  from space 13312K, 96% used [0x00000000fca00000,0x00000000fd693988,0x00000000fd700000)
  to   space 26112K, 0% used [0x00000000fe380000,0x00000000fe380000,0x00000000ffd00000)
 ParOldGen       total 216064K, used 142049K [0x00000000a0000000, 0x00000000ad300000, 0x00000000e0000000)
  object space 216064K, 65% used [0x00000000a0000000,0x00000000a8ab86a0,0x00000000ad300000)
 Metaspace       used 117166K, capacity 122320K, committed 122496K, reserved 1155072K
  class space    used 14809K, capacity 15883K, committed 16000K, reserved 1048576K
}
Event: 542.188 GC heap before
{Heap before GC invocations=49 (full 5):
 PSYoungGen      total 482304K, used 481870K [0x00000000e0000000, 0x00000000ffd00000, 0x0000000100000000)
  eden space 468992K, 100% used [0x00000000e0000000,0x00000000fca00000,0x00000000fca00000)
  from space 13312K, 96% used [0x00000000fca00000,0x00000000fd693988,0x00000000fd700000)
  to   space 26112K, 0% used [0x00000000fe380000,0x00000000fe380000,0x00000000ffd00000)
 ParOldGen       total 216064K, used 142049K [0x00000000a0000000, 0x00000000ad300000, 0x00000000e0000000)
  object space 216064K, 65% used [0x00000000a0000000,0x00000000a8ab86a0,0x00000000ad300000)
 Metaspace       used 117183K, capacity 122320K, committed 122496K, reserved 1155072K
  class space    used 14809K, capacity 15883K, committed 16000K, reserved 1048576K
Event: 542.211 GC heap after
Heap after GC invocations=49 (full 5):
 PSYoungGen      total 495616K, used 7599K [0x00000000e0000000, 0x0000000100000000, 0x0000000100000000)
  eden space 469504K, 0% used [0x00000000e0000000,0x00000000e0000000,0x00000000fca80000)
  from space 26112K, 29% used [0x00000000fe380000,0x00000000feaebfa8,0x00000000ffd00000)
  to   space 25600K, 0% used [0x00000000fca80000,0x00000000fca80000,0x00000000fe380000)
 ParOldGen       total 216064K, used 145187K [0x00000000a0000000, 0x00000000ad300000, 0x00000000e0000000)
  object space 216064K, 67% used [0x00000000a0000000,0x00000000a8dc8f98,0x00000000ad300000)
 Metaspace       used 117183K, capacity 122320K, committed 122496K, reserved 1155072K
  class space    used 14809K, capacity 15883K, committed 16000K, reserved 1048576K
}
Event: 545.060 GC heap before
{Heap before GC invocations=50 (full 5):
 PSYoungGen      total 495616K, used 477103K [0x00000000e0000000, 0x0000000100000000, 0x0000000100000000)
  eden space 469504K, 100% used [0x00000000e0000000,0x00000000fca80000,0x00000000fca80000)
  from space 26112K, 29% used [0x00000000fe380000,0x00000000feaebfa8,0x00000000ffd00000)
  to   space 25600K, 0% used [0x00000000fca80000,0x00000000fca80000,0x00000000fe380000)
 ParOldGen       total 216064K, used 145187K [0x00000000a0000000, 0x00000000ad300000, 0x00000000e0000000)
  object space 216064K, 67% used [0x00000000a0000000,0x00000000a8dc8f98,0x00000000ad300000)
 Metaspace       used 117247K, capacity 122384K, committed 122752K, reserved 1157120K
  class space    used 14809K, capacity 15883K, committed 16000K, reserved 1048576K
Event: 545.088 GC heap after
Heap after GC invocations=50 (full 5):
 PSYoungGen      total 495104K, used 12286K [0x00000000e0000000, 0x00000000ffd80000, 0x0000000100000000)
  eden space 469504K, 0% used [0x00000000e0000000,0x00000000e0000000,0x00000000fca80000)
  from space 25600K, 47% used [0x00000000fca80000,0x00000000fd67f828,0x00000000fe380000)
  to   space 24576K, 0% used [0x00000000fe580000,0x00000000fe580000,0x00000000ffd80000)
 ParOldGen       total 216064K, used 146195K [0x00000000a0000000, 0x00000000ad300000, 0x00000000e0000000)
  object space 216064K, 67% used [0x00000000a0000000,0x00000000a8ec4c60,0x00000000ad300000)
 Metaspace       used 117247K, capacity 122384K, committed 122752K, reserved 1157120K
  class space    used 14809K, capacity 15883K, committed 16000K, reserved 1048576K
}

